yarn run v1.22.21
$ tsc && node ./dist/index.js
Fetching JsonOdds data
App listening on port 8001!
JsonOdds API response: [
  {
    ID: '64dcce80-09f9-487b-8a5d-3d2c77964c7a',
    HomeTeam: 'VMI',
    AwayTeam: 'East Tenn St',
    Sport: 2,
    MatchTime: '2024-01-24T23:00:00',
    HomeROT: '670',
    AwayROT: '669',
    Odds: [ [Object] ]
  },
  {
    ID: '1e4cf7ed-795c-4d23-a027-83da393df9d4',
    HomeTeam: 'NC Asheville',
    AwayTeam: 'Radford',
    Sport: 2,
    MatchTime: '2024-01-24T23:30:00',
    HomeROT: '306502',
    AwayROT: '306501',
    Odds: [ [Object] ]
  },
  {
    ID: 'fbbe3290-58ac-420c-b2d0-52221f391e0b',
    HomeTeam: 'Seton Hall',
    AwayTeam: 'Providence',
    Sport: 2,
    MatchTime: '2024-01-24T23:30:00',
    HomeROT: '672',
    AwayROT: '671',
    Odds: [ [Object] ]
  },
  {
    ID: 'd3e9966d-dfd2-46d8-9c16-67a049b5d461',
    HomeTeam: 'Georgia',
    AwayTeam: 'LSU',
    Sport: 2,
    MatchTime: '2024-01-24T23:30:00',
    HomeROT: '674',
    AwayROT: '673',
    Odds: [ [Object] ]
  },
  {
    ID: 'e05fa083-7f71-40b9-b4e8-b10ca644731c',
    HomeTeam: 'Marshall',
    AwayTeam: 'Georgia State',
    Sport: 2,
    MatchTime: '2024-01-25T00:00:00',
    HomeROT: '682',
    AwayROT: '681',
    Odds: [ [Object] ]
  },
  {
    ID: 'e670dd4f-a4a0-41d6-9ba2-d9157176a918',
    HomeTeam: 'Washington Wizards',
    AwayTeam: 'Minnesota Timberwolves',
    Sport: 1,
    MatchTime: '2024-01-25T00:00:00',
    HomeROT: '528',
    AwayROT: '527',
    Odds: [ [Object] ]
  },
  {
    ID: '70dab383-7238-4954-a91a-4a218a582665',
    HomeTeam: 'Detroit Pistons',
    AwayTeam: 'Charlotte Hornets',
    Sport: 1,
    MatchTime: '2024-01-25T00:00:00',
    HomeROT: '530',
    AwayROT: '529',
    Odds: [ [Object] ]
  },
  {
    ID: '6a587597-fa20-421b-be99-bde7ba9365ff',
    HomeTeam: 'Queens NC',
    AwayTeam: 'Cent Arkansas',
    Sport: 2,
    MatchTime: '2024-01-25T00:00:00',
    HomeROT: '306512',
    AwayROT: '306511',
    Odds: [ [Object] ]
  },
  {
    ID: '1d27d4bd-54fd-4699-b7db-bc3a6f40c1ec',
    HomeTeam: 'Iowa',
    AwayTeam: 'Maryland',
    Sport: 2,
    MatchTime: '2024-01-25T00:00:00',
    HomeROT: '694',
    AwayROT: '693',
    Odds: [ [Object] ]
  },
  {
    ID: 'b4cc4a4d-7a0f-4134-a370-be86dc0eef1f',
    HomeTeam: 'Florida Panthers',
    AwayTeam: 'Arizona Coyotes',
    Sport: 5,
    MatchTime: '2024-01-25T00:00:00',
    HomeROT: '70',
    AwayROT: '69',
    Odds: [ [Object] ]
  },
  {
    ID: '6cb7281c-ce15-4d13-87c1-4d9a57f45192',
    HomeTeam: 'Longwood',
    AwayTeam: 'Gardner-Webb',
    Sport: 2,
    MatchTime: '2024-01-25T00:00:00',
    HomeROT: '306516',
    AwayROT: '306515',
    Odds: [ [Object] ]
  },
  {
    ID: '9669797a-381e-4be6-8755-bf5854e1a4fc',
    HomeTeam: 'Cleveland Monsters',
    AwayTeam: 'Toronto Marlies',
    Sport: 15,
    MatchTime: '2024-01-25T00:00:00',
    Odds: [ [Object] ]
  },
  {
    ID: '29f813e6-5a90-4f44-a643-5908e3764a80',
    HomeTeam: 'Toronto Maple Leafs',
    AwayTeam: 'Winnipeg Jets',
    Sport: 5,
    MatchTime: '2024-01-25T00:00:00',
    HomeROT: '68',
    AwayROT: '67',
    Odds: [ [Object] ]
  },
  {
    ID: '2a318ca2-89cf-4c3e-b0a1-e76e68d0c362',
    HomeTeam: 'Grand Rapids Griffins',
    AwayTeam: 'Rockford Icehogs',
    Sport: 15,
    MatchTime: '2024-01-25T00:00:00',
    Odds: [ [Object] ]
  },
  {
    ID: 'b03924b5-ac50-48dc-8ffc-ab930624e3c9',
    HomeTeam: 'Saint Louis',
    AwayTeam: 'Davidson',
    Sport: 2,
    MatchTime: '2024-01-25T00:00:00',
    HomeROT: '688',
    AwayROT: '687',
    Odds: [ [Object] ]
  },
  {
    ID: '2c80b41c-b0b6-43ae-b84a-afbbc623a23c',
    HomeTeam: 'Bucknell',
    AwayTeam: 'Navy',
    Sport: 2,
    MatchTime: '2024-01-25T00:00:00',
    HomeROT: '306508',
    AwayROT: '306507',
    Odds: [ [Object] ]
  },
  {
    ID: '61e7596f-2f35-4510-9f28-3a4e0ca0e09c',
    HomeTeam: 'Temple',
    AwayTeam: 'South Florida',
    Sport: 2,
    MatchTime: '2024-01-25T00:00:00',
    HomeROT: '690',
    AwayROT: '689',
    Odds: [ [Object] ]
  },
  {
    ID: 'b7bc06e9-cb09-41fc-8d90-52854c66d973',
    HomeTeam: 'Hershey Bears',
    AwayTeam: 'Springfield Thunderbirds',
    Sport: 15,
    MatchTime: '2024-01-25T00:00:00',
    Odds: [ [Object] ]
  },
  {
    ID: '6fd4dde1-9fef-40db-9355-25d369646a3e',
    HomeTeam: 'Virginia',
    AwayTeam: 'North Carolina State',
    Sport: 2,
    MatchTime: '2024-01-25T00:00:00',
    HomeROT: '706',
    AwayROT: '705',
    Odds: [ [Object] ]
  },
  {
    ID: 'facfd006-b40b-4f98-94a8-be9e6541aa83',
    HomeTeam: 'Kennesaw State',
    AwayTeam: 'North Alabama',
    Sport: 2,
    MatchTime: '2024-01-25T00:00:00',
    HomeROT: '306510',
    AwayROT: '306509',
    Odds: [ [Object] ]
  },
  {
    ID: '3cd91024-db0d-42ea-9db6-c43aff3bfed6',
    HomeTeam: 'Western Carolina',
    AwayTeam: 'NC Greensboro',
    Sport: 2,
    MatchTime: '2024-01-25T00:00:00',
    HomeROT: '684',
    AwayROT: '683',
    Odds: [ [Object] ]
  },
  {
    ID: '3ed0daa8-8357-4382-98d2-780ff512914d',
    HomeTeam: 'USC Upstate',
    AwayTeam: 'High Point',
    Sport: 2,
    MatchTime: '2024-01-25T00:00:00',
    HomeROT: '306504',
    AwayROT: '306503',
    Odds: [ [Object] ]
  },
  {
    ID: '487edcfe-71e8-455b-83cb-35d0ddc42634',
    HomeTeam: 'Troy',
    AwayTeam: 'Texas State',
    Sport: 2,
    MatchTime: '2024-01-25T00:00:00',
    HomeROT: '686',
    AwayROT: '685',
    Odds: [ [Object] ]
  },
  {
    ID: '70b29b11-42d4-433b-bb31-3676cc4154f5',
    HomeTeam: 'Bradley',
    AwayTeam: 'Murray State',
    Sport: 2,
    MatchTime: '2024-01-25T00:00:00',
    HomeROT: '680',
    AwayROT: '679',
    Odds: [ [Object] ]
  },
  {
    ID: 'df81e9a7-bbae-435f-9592-c1e9d70a5a0c',
    HomeTeam: 'Rhode Island',
    AwayTeam: 'Fordham',
    Sport: 2,
    MatchTime: '2024-01-25T00:00:00',
    HomeROT: '692',
    AwayROT: '691',
    Odds: [ [Object] ]
  },
  {
    ID: '5b07a627-4b0c-4aa7-b5d6-e676289deaf6',
    HomeTeam: 'American U',
    AwayTeam: 'Holy Cross',
    Sport: 2,
    MatchTime: '2024-01-25T00:00:00',
    HomeROT: '306520',
    AwayROT: '306519',
    Odds: [ [Object] ]
  },
  {
    ID: 'f5de1f4a-6a7c-4593-922d-b78ed617c038',
    HomeTeam: 'Old Dominion',
    AwayTeam: 'James Madison',
    Sport: 2,
    MatchTime: '2024-01-25T00:00:00',
    HomeROT: '698',
    AwayROT: '697',
    Odds: [ [Object] ]
  },
  {
    ID: 'f0a58590-9ccf-4bde-844d-5dc6bca48b47',
    HomeTeam: 'Laval Rocket',
    AwayTeam: 'Utica Comets',
    Sport: 15,
    MatchTime: '2024-01-25T00:00:00',
    Odds: [ [Object] ]
  },
  {
    ID: 'd62430f2-e79d-4eef-956e-7e38637eda8b',
    HomeTeam: 'Boston',
    AwayTeam: 'Army',
    Sport: 2,
    MatchTime: '2024-01-25T00:00:00',
    HomeROT: '306514',
    AwayROT: '306513',
    Odds: [ [Object] ]
  },
  {
    ID: '7810288d-dd44-4534-a9ae-b074dd69ecd2',
    HomeTeam: 'Notre Dame',
    AwayTeam: 'Miami Florida',
    Sport: 2,
    MatchTime: '2024-01-25T00:00:00',
    HomeROT: '704',
    AwayROT: '703',
    Odds: [ [Object] ]
  },
  {
    ID: '8fc2de3c-d82e-41fd-b755-9bb92e78f5d7',
    HomeTeam: 'The Citadel',
    AwayTeam: 'Mercer',
    Sport: 2,
    MatchTime: '2024-01-25T00:00:00',
    HomeROT: '678',
    AwayROT: '677',
    Odds: [ [Object] ]
  },
  {
    ID: 'c1120c5c-3d37-451b-9df1-3a86631084df',
    HomeTeam: 'Wofford',
    AwayTeam: 'Chattanooga',
    Sport: 2,
    MatchTime: '2024-01-25T00:00:00',
    HomeROT: '696',
    AwayROT: '695',
    Odds: [ [Object] ]
  },
  {
    ID: 'f8ffe179-dcf2-4736-93dc-5391177fdb51',
    HomeTeam: 'Richmond',
    AwayTeam: 'George Washington',
    Sport: 2,
    MatchTime: '2024-01-25T00:00:00',
    HomeROT: '700',
    AwayROT: '699',
    Odds: [ [Object] ]
  },
  {
    ID: 'b22bbae7-1d99-4db5-a2c0-ba2ad258f747',
    HomeTeam: 'Coast Carolina',
    AwayTeam: 'Southern Miss',
    Sport: 2,
    MatchTime: '2024-01-25T00:00:00',
    HomeROT: '702',
    AwayROT: '701',
    Odds: [ [Object] ]
  },
  {
    ID: 'f9f4931a-dd2a-478a-8525-4a55cf091955',
    HomeTeam: 'Furman',
    AwayTeam: 'Samford',
    Sport: 2,
    MatchTime: '2024-01-25T00:00:00',
    HomeROT: '676',
    AwayROT: '675',
    Odds: [ [Object] ]
  },
  {
    ID: 'c35d6b6e-c2c0-4a5d-a284-54243011c12a',
    HomeTeam: 'Charl Southern',
    AwayTeam: 'Winthrop',
    Sport: 2,
    MatchTime: '2024-01-25T00:00:00',
    HomeROT: '306506',
    AwayROT: '306505',
    Odds: [ [Object] ]
  },
  {
    ID: 'e19991bc-7c05-48bb-8d7f-8ffd6c637194',
    HomeTeam: 'Loyola (MD)',
    AwayTeam: 'Lafayette',
    Sport: 2,
    MatchTime: '2024-01-25T00:00:00',
    HomeROT: '306518',
    AwayROT: '306517',
    Odds: [ [Object] ]
  },
  {
    ID: '169efb5b-cb18-42ed-9957-e47c710032d3',
    HomeTeam: 'Wilkes-Barre/Scranton Penguins',
    AwayTeam: 'Hartford Wolf Pack',
    Sport: 15,
    MatchTime: '2024-01-25T00:05:00',
    Odds: [ [Object] ]
  },
  {
    ID: '15b5c88c-a85e-4291-9e64-defc4470148f',
    HomeTeam: 'Alabama',
    AwayTeam: 'Auburn',
    Sport: 2,
    MatchTime: '2024-01-25T00:30:00',
    HomeROT: '712',
    AwayROT: '711',
    Odds: [ [Object] ]
  },
  {
    ID: 'c264c3cb-52fc-462c-b9b9-de30a151cc72',
    HomeTeam: 'Wichita State',
    AwayTeam: 'East Carolina',
    Sport: 2,
    MatchTime: '2024-01-25T00:30:00',
    HomeROT: '710',
    AwayROT: '709',
    Odds: [ [Object] ]
  },
  {
    ID: 'e74a782c-1531-4d84-bbd7-f80cb15363af',
    HomeTeam: 'Miami Heat',
    AwayTeam: 'Memphis Grizzlies',
    Sport: 1,
    MatchTime: '2024-01-25T00:30:00',
    HomeROT: '532',
    AwayROT: '531',
    Odds: [ [Object] ]
  },
  {
    ID: '47599ede-aefa-4fd1-afce-ef9a7bad1818',
    HomeTeam: 'Boston Bruins',
    AwayTeam: 'Carolina Hurricanes',
    Sport: 5,
    MatchTime: '2024-01-25T00:30:00',
    HomeROT: '72',
    AwayROT: '71',
    Odds: [ [Object] ]
  },
  {
    ID: '9585ab90-70cc-46a6-b4e9-669317bbc436',
    HomeTeam: 'Middle Tenn St',
    AwayTeam: 'Jacksonville State',
    Sport: 2,
    MatchTime: '2024-01-25T00:30:00',
    HomeROT: '708',
    AwayROT: '707',
    Odds: [ [Object] ]
  },
  {
    ID: 'bc99d7db-77bc-4640-a54f-205dffd45d22',
    HomeTeam: 'Tex San Antonio',
    AwayTeam: 'Tulane',
    Sport: 2,
    MatchTime: '2024-01-25T01:00:00',
    HomeROT: '718',
    AwayROT: '717',
    Odds: [ [Object] ]
  },
  {
    ID: '4047c546-1d07-4f9d-9e26-ae0c48422720',
    HomeTeam: 'Manitoba Moose',
    AwayTeam: 'Chicago Wolves',
    Sport: 15,
    MatchTime: '2024-01-25T01:00:00',
    Odds: [ [Object] ]
  },
  {
    ID: 'a086c41b-8a60-45ee-912f-5a7180ad50d1',
    HomeTeam: 'Milwaukee Admirals',
    AwayTeam: 'Belleville Senators',
    Sport: 15,
    MatchTime: '2024-01-25T01:00:00',
    Odds: [ [Object] ]
  },
  {
    ID: '1e9717c2-8f4f-4592-ba94-58014cb009fb',
    HomeTeam: 'Rice',
    AwayTeam: 'Florida Atlantic',
    Sport: 2,
    MatchTime: '2024-01-25T01:00:00',
    HomeROT: '720',
    AwayROT: '719',
    Odds: [ [Object] ]
  },
  {
    ID: '49aa7401-98a2-4ead-92d6-dcfa077a1b5d',
    HomeTeam: 'Houston Rockets',
    AwayTeam: 'Portland Trail Blazers',
    Sport: 1,
    MatchTime: '2024-01-25T01:00:00',
    HomeROT: '534',
    AwayROT: '533',
    Odds: [ [Object] ]
  },
  {
    ID: 'f4092720-2730-49a6-b484-cd2476c3432c',
    HomeTeam: 'Milwaukee Bucks',
    AwayTeam: 'Cleveland Cavaliers',
    Sport: 1,
    MatchTime: '2024-01-25T01:00:00',
    HomeROT: '536',
    AwayROT: '535',
    Odds: [ [Object] ]
  },
  {
    ID: '74ffb1d1-18c8-4c0b-b2a4-77287248f340',
    HomeTeam: 'Missouri State',
    AwayTeam: 'Drake',
    Sport: 2,
    MatchTime: '2024-01-25T01:00:00',
    HomeROT: '716',
    AwayROT: '715',
    Odds: [ [Object] ]
  },
  {
    ID: '7609bd90-6714-4a92-b602-e9aee848fd56',
    HomeTeam: 'Iowa Wild',
    AwayTeam: 'Texas Stars',
    Sport: 15,
    MatchTime: '2024-01-25T01:00:00',
    Odds: [ [Object] ]
  },
  {
    ID: 'effcbadf-9314-4fb7-9a9e-214907617b2a',
    HomeTeam: 'So Illinois',
    AwayTeam: 'Valparaiso',
    Sport: 2,
    MatchTime: '2024-01-25T01:00:00',
    HomeROT: '714',
    AwayROT: '713',
    Odds: [ [Object] ]
  },
  {
    ID: 'aae6d99c-995b-4b54-911d-1f3d45b784e9',
    HomeTeam: 'Illinois Chicago',
    AwayTeam: 'Indiana State',
    Sport: 2,
    MatchTime: '2024-01-25T01:00:00',
    HomeROT: '722',
    AwayROT: '721',
    Odds: [ [Object] ]
  },
  {
    ID: '0898b409-3b7d-48b7-870c-dcbcebe30410',
    HomeTeam: 'Dallas Mavericks',
    AwayTeam: 'Phoenix Suns',
    Sport: 1,
    MatchTime: '2024-01-25T01:30:00',
    HomeROT: '540',
    AwayROT: '539',
    Odds: [ [Object] ]
  },
  {
    ID: '0e92c37a-407a-4360-881b-e0a1231be215',
    HomeTeam: "St. John's",
    AwayTeam: 'Villanova',
    Sport: 2,
    MatchTime: '2024-01-25T01:30:00',
    HomeROT: '724',
    AwayROT: '723',
    Odds: [ [Object] ]
  },
  {
    ID: '26c67b06-79f7-4066-ab28-46c68cc1892f',
    HomeTeam: 'Florida',
    AwayTeam: 'Mississippi State',
    Sport: 2,
    MatchTime: '2024-01-25T01:30:00',
    HomeROT: '726',
    AwayROT: '725',
    Odds: [ [Object] ]
  },
  {
    ID: '5197ed82-8eb0-4f5e-8f85-63bdda87fc47',
    HomeTeam: 'Iowa State',
    AwayTeam: 'Kansas State',
    Sport: 2,
    MatchTime: '2024-01-25T02:00:00',
    HomeROT: '734',
    AwayROT: '733',
    Odds: [ [Object] ]
  },
  {
    ID: '69ba90a4-b044-4bdb-ab70-2b06f39fe6f4',
    HomeTeam: 'Mississippi',
    AwayTeam: 'Arkansas',
    Sport: 2,
    MatchTime: '2024-01-25T02:00:00',
    HomeROT: '732',
    AwayROT: '731',
    Odds: [ [Object] ]
  },
  {
    ID: '928fce3e-73c7-41e2-8b22-88ffa2b5facc',
    HomeTeam: 'Northwestern',
    AwayTeam: 'Illinois',
    Sport: 2,
    MatchTime: '2024-01-25T02:00:00',
    HomeROT: '728',
    AwayROT: '727',
    Odds: [ [Object] ]
  },
  {
    ID: 'abb249ed-07b0-471b-a134-b526088725e0',
    HomeTeam: 'Depaul',
    AwayTeam: 'Marquette',
    Sport: 2,
    MatchTime: '2024-01-25T02:00:00',
    HomeROT: '730',
    AwayROT: '729',
    Odds: [ [Object] ]
  },
  {
    ID: '91d21c8c-3eae-4159-801d-3e324ead6ae1',
    HomeTeam: 'San Antonio Spurs',
    AwayTeam: 'Oklahoma City Thunder',
    Sport: 1,
    MatchTime: '2024-01-25T02:30:00',
    HomeROT: '538',
    AwayROT: '537',
    Odds: [ [Object] ]
  },
  {
    ID: '166923fc-1d23-40d2-8660-185d82b143ab',
    HomeTeam: 'Colorado Avalanche',
    AwayTeam: 'Washington Capitals',
    Sport: 5,
    MatchTime: '2024-01-25T02:30:00',
    HomeROT: '74',
    AwayROT: '73',
    Odds: [ [Object] ]
  },
  {
    ID: '15ed5112-0f1f-48d8-af19-437118e1797c',
    HomeTeam: 'Vancouver Canucks',
    AwayTeam: 'St. Louis Blues',
    Sport: 5,
    MatchTime: '2024-01-25T03:00:00',
    HomeROT: '78',
    AwayROT: '77',
    Odds: [ [Object] ]
  },
  {
    ID: '0e1aeff3-f542-4885-85f7-974fd2eae14a',
    HomeTeam: 'Seattle Kraken',
    AwayTeam: 'Chicago Blackhawks',
    Sport: 5,
    MatchTime: '2024-01-25T03:00:00',
    HomeROT: '76',
    AwayROT: '75',
    Odds: [ [Object] ]
  },
  {
    ID: 'ab2a6c03-62a1-4135-9f61-4b086f657f44',
    HomeTeam: 'Golden State Warriors',
    AwayTeam: 'Atlanta Hawks',
    Sport: 1,
    MatchTime: '2024-01-25T03:00:00',
    HomeROT: '542',
    AwayROT: '541',
    Odds: [ [Object] ]
  },
  {
    ID: '7e5e2fba-b584-4e85-8627-7174d13f3149',
    HomeTeam: 'San Jose Barracuda',
    AwayTeam: 'Bakersfield Condors',
    Sport: 15,
    MatchTime: '2024-01-25T03:00:00',
    Odds: [ [Object] ]
  },
  {
    ID: '8ba60e6a-e152-4bda-ad38-a6544119ff3a',
    HomeTeam: 'Washington State',
    AwayTeam: 'Utah',
    Sport: 2,
    MatchTime: '2024-01-25T03:00:00',
    HomeROT: '736',
    AwayROT: '735',
    Odds: [ [Object] ]
  },
  {
    ID: 'e2680e66-370c-4e46-815e-059637516578',
    HomeTeam: 'Venados de Mazatlan',
    AwayTeam: 'Naranjeros De Hermosillo',
    Sport: 18,
    MatchTime: '2024-01-25T03:00:00',
    HomeROT: '360302',
    AwayROT: '360301',
    Odds: [ [Object] ]
  },
  {
    ID: '0766c0b7-93ea-45b1-8373-7c6745a4e3cf',
    HomeTeam: 'Los Angeles Kings',
    AwayTeam: 'Buffalo Sabres',
    Sport: 5,
    MatchTime: '2024-01-25T03:30:00',
    HomeROT: '80',
    AwayROT: '79',
    Odds: [ [Object] ]
  },
  {
    ID: '77515dbd-35eb-452d-ae7d-a1e26c4d599b',
    HomeTeam: 'Nevada',
    AwayTeam: 'Colorado State',
    Sport: 2,
    MatchTime: '2024-01-25T03:30:00',
    HomeROT: '738',
    AwayROT: '737',
    Odds: [ [Object] ]
  },
  {
    ID: 'b66c9201-2096-4d0d-bdd1-edf6a677163f',
    HomeTeam: 'Washington',
    AwayTeam: 'Colorado',
    Sport: 2,
    MatchTime: '2024-01-25T04:00:00',
    HomeROT: '742',
    AwayROT: '741',
    Odds: [ [Object] ]
  },
  {
    ID: 'ea0f7306-abf3-4ad3-9379-29f119b044ac',
    HomeTeam: 'San Jose State',
    AwayTeam: 'New Mexico',
    Sport: 2,
    MatchTime: '2024-01-25T04:00:00',
    HomeROT: '740',
    AwayROT: '739',
    Odds: [ [Object] ]
  },
  {
    ID: '1ca62dd5-adbd-48b4-9c40-eb4141c76c35',
    HomeTeam: 'Dynamo Moscow',
    AwayTeam: 'Red Star Kunlun',
    Sport: 14,
    MatchTime: '2024-01-25T16:30:00',
    Odds: [ [Object] ]
  },
  {
    ID: '0116761e-8956-41ed-84d7-b3b44ebcf8f2',
    HomeTeam: 'Leksand',
    AwayTeam: 'Lulea',
    Sport: 16,
    MatchTime: '2024-01-25T18:00:00',
    Odds: [ [Object] ]
  },
  {
    ID: '0fbfa5b3-da23-4645-81ad-082051e9f53c',
    HomeTeam: 'Rogle',
    AwayTeam: 'HV-71',
    Sport: 16,
    MatchTime: '2024-01-25T18:00:00',
    Odds: [ [Object] ]
  },
  {
    ID: '4e379814-e066-4e2e-a44a-32743fb77f04',
    HomeTeam: 'Oskarshamn',
    AwayTeam: 'Frolunda',
    Sport: 16,
    MatchTime: '2024-01-25T18:00:00',
    Odds: [ [Object] ]
  },
  {
    ID: '5fc5216b-cf21-4778-97e5-37d200d26c12',
    HomeTeam: 'Orebro',
    AwayTeam: 'Skelleftea',
    Sport: 16,
    MatchTime: '2024-01-25T18:00:00',
    Odds: [ [Object] ]
  },
  {
    ID: 'a5847721-b3a0-42d6-bce5-4f355eb52380',
    HomeTeam: 'Farjestad',
    AwayTeam: 'Malmo',
    Sport: 16,
    MatchTime: '2024-01-25T18:00:00',
    Odds: [ [Object] ]
  },
  {
    ID: 'cc3955c5-7bbd-4337-abf2-eee526f99475',
    HomeTeam: 'Vaxjo Lakers',
    AwayTeam: 'Linkoping',
    Sport: 16,
    MatchTime: '2024-01-25T18:00:00',
    Odds: [ [Object] ]
  },
  {
    ID: '76081095-de43-42cb-beca-14c54a0ae8a6',
    HomeTeam: 'Fair Dickinson',
    AwayTeam: 'Central Connecticut State',
    Sport: 2,
    MatchTime: '2024-01-25T22:00:00',
    HomeROT: '306526',
    AwayROT: '306525',
    Odds: [ [Object] ]
  },
  {
    ID: 'fc4233da-df51-4997-9a6b-f2d0697a9af1',
    HomeTeam: 'Campbell',
    AwayTeam: 'Elon',
    Sport: 2,
    MatchTime: '2024-01-25T22:00:00',
    HomeROT: '748',
    AwayROT: '747',
    Odds: [ [Object] ]
  },
  {
    ID: '63e0f2c9-588a-4778-9f53-8317c624cb4b',
    HomeTeam: 'Maine',
    AwayTeam: 'Albany',
    Sport: 2,
    MatchTime: '2024-01-25T23:00:00',
    HomeROT: '306528',
    AwayROT: '306527',
    Odds: [ [Object] ]
  },
  {
    ID: '456224b3-fc94-48ee-b2fd-fa7d1cea1a7a',
    HomeTeam: 'Bellarmine',
    AwayTeam: 'North Florida',
    Sport: 2,
    MatchTime: '2024-01-25T23:30:00',
    HomeROT: '306532',
    AwayROT: '306531',
    Odds: [ [Object] ]
  },
  {
    ID: '543780c5-9c01-4098-8525-50768ac38734',
    HomeTeam: 'Stony Brook',
    AwayTeam: 'Monmouth',
    Sport: 2,
    MatchTime: '2024-01-25T23:30:00',
    HomeROT: '752',
    AwayROT: '751',
    Odds: [ [Object] ]
  },
  {
    ID: '56bad849-33e4-425d-9018-70af00e3f973',
    HomeTeam: 'UMass Lowell',
    AwayTeam: 'Vermont',
    Sport: 2,
    MatchTime: '2024-01-25T23:30:00',
    HomeROT: '306530',
    AwayROT: '306529',
    Odds: [ [Object] ]
  },
  {
    ID: '8baf71d7-92be-4a6c-af26-181bdc91ed83',
    HomeTeam: 'Appalachian St',
    AwayTeam: 'Georgia Southern',
    Sport: 2,
    MatchTime: '2024-01-25T23:30:00',
    HomeROT: '750',
    AwayROT: '749',
    Odds: [ [Object] ]
  },
  {
    ID: '9be0c2db-9a4b-48b1-b56f-a789b4c3a479',
    HomeTeam: 'Detroit Red Wings',
    AwayTeam: 'Philadelphia Flyers',
    Sport: 5,
    MatchTime: '2024-01-26T00:00:00',
    HomeROT: '8',
    AwayROT: '7',
    Odds: [ [Object] ]
  },
  {
    ID: '0b96953f-edf8-4800-88c9-5e8f0565255a',
    HomeTeam: "St. Peter's",
    AwayTeam: 'Rider',
    Sport: 2,
    MatchTime: '2024-01-26T00:00:00',
    HomeROT: '758',
    AwayROT: '757',
    Odds: [ [Object] ]
  },
  {
    ID: '1d485a34-1ff6-480b-95e4-2c1fa329be8d',
    HomeTeam: 'Stetson',
    AwayTeam: 'Austin Peay',
    Sport: 2,
    MatchTime: '2024-01-26T00:00:00',
    HomeROT: '306544',
    AwayROT: '306543',
    Odds: [ [Object] ]
  },
  {
    ID: '1e214ef9-eea4-49e2-a338-04b3c6b1ffc0',
    HomeTeam: 'Delaware',
    AwayTeam: 'N Carolina A&T',
    Sport: 2,
    MatchTime: '2024-01-26T00:00:00',
    HomeROT: '766',
    AwayROT: '765',
    Odds: [ [Object] ]
  },
  {
    ID: '20844e4a-96e0-41d2-b470-f75cd6184941',
    HomeTeam: 'Hofstra',
    AwayTeam: 'William and Mary',
    Sport: 2,
    MatchTime: '2024-01-26T00:00:00',
    HomeROT: '764',
    AwayROT: '763',
    Odds: [ [Object] ]
  },
  {
    ID: '22daae69-bfc7-451b-811d-a7bf3752c477',
    HomeTeam: 'Louisiana Tech',
    AwayTeam: 'UTEP',
    Sport: 2,
    MatchTime: '2024-01-26T00:00:00',
    HomeROT: '774',
    AwayROT: '773',
    Odds: [ [Object] ]
  },
  {
    ID: '23b0ac6b-5e1c-4ee9-b444-e343b1562bb4',
    HomeTeam: 'North Texas',
    AwayTeam: 'SMU',
    Sport: 2,
    MatchTime: '2024-01-26T00:00:00',
    HomeROT: '762',
    AwayROT: '761',
    Odds: [ [Object] ]
  },
  {
    ID: '9a2166d6-0601-432f-ab97-0c4eaa6bc9c2',
    HomeTeam: 'Montreal Canadiens',
    AwayTeam: 'New York Islanders',
    Sport: 5,
    MatchTime: '2024-01-26T00:00:00',
    HomeROT: '4',
    AwayROT: '3',
    Odds: [ [Object] ]
  },
  {
    ID: '4ecf7af5-a257-4065-8560-450c98a2dcdd',
    HomeTeam: 'Florida Gulf Coast',
    AwayTeam: 'Lipscomb',
    Sport: 2,
    MatchTime: '2024-01-26T00:00:00',
    HomeROT: '306548',
    AwayROT: '306547',
    Odds: [ [Object] ]
  },
  {
    ID: '5c22cf50-9b78-43e6-bc65-7857ffd8a5b2',
    HomeTeam: 'Hampton',
    AwayTeam: 'Charleston',
    Sport: 2,
    MatchTime: '2024-01-26T00:00:00',
    HomeROT: '754',
    AwayROT: '753',
    Odds: [ [Object] ]
  },
  {
    ID: '67ff7461-61f8-4eb1-9969-d44c4bd3b2f2',
    HomeTeam: 'South Dakota State',
    AwayTeam: 'UMKC',
    Sport: 2,
    MatchTime: '2024-01-26T00:00:00',
    HomeROT: '778',
    AwayROT: '777',
    Odds: [ [Object] ]
  },
  {
    ID: '6c4816e9-6125-4c27-a70d-694d7ea082e6',
    HomeTeam: 'IUPUI',
    AwayTeam: 'Youngstown State',
    Sport: 2,
    MatchTime: '2024-01-26T00:00:00',
    HomeROT: '770',
    AwayROT: '769',
    Odds: [ [Object] ]
  },
  {
    ID: '8f89cf15-14f9-4bb1-874c-f0d1811e8a6e',
    HomeTeam: 'St Francis (PA)',
    AwayTeam: 'Sacred Heart',
    Sport: 2,
    MatchTime: '2024-01-26T00:00:00',
    HomeROT: '306540',
    AwayROT: '306539',
    Odds: [ [Object] ]
  },
  {
    ID: '9273610f-2472-4311-9c0b-19eebae207db',
    HomeTeam: 'Wisc Green Bay',
    AwayTeam: 'Oakland',
    Sport: 2,
    MatchTime: '2024-01-26T00:00:00',
    HomeROT: '772',
    AwayROT: '771',
    Odds: [ [Object] ]
  },
  ... 102 more items
]
Fetching Rundown data for Sport ID: 2 and Dates: 2024-01-24,2024-01-25,2024-01-26,2024-01-27,2024-01-28,2024-01-29,2024-01-30,2024-01-31
Making Rundown API call for date: 2024-01-24
Rundown API response for date 2024-01-24: {
  meta: { delta_last_id: '11ee-baf5-f20577f8-861b-ff329389e911' },
  events: []
}
Making Rundown API call for date: 2024-01-25
Rundown API response for date 2024-01-25: {
  meta: { delta_last_id: '11ee-baf5-f20577f8-861b-ff329389e911' },
  events: []
}
Making Rundown API call for date: 2024-01-26
Rundown API response for date 2024-01-26: {
  meta: { delta_last_id: '11ee-baf5-f24df07a-878d-7f6fafdbf411' },
  events: []
}
Making Rundown API call for date: 2024-01-27
Rundown API response for date 2024-01-27: {
  meta: { delta_last_id: '11ee-baf5-f24df07a-878d-7f6fafdbf411' },
  events: []
}
Making Rundown API call for date: 2024-01-28
Rundown API response for date 2024-01-28: {
  meta: { delta_last_id: '11ee-baf5-f28df6a9-8a34-8197126e46e6' },
  events: [
    {
      event_id: 'c5cc0c683da01b5392cf86ac15613d0a',
      event_uuid: '11ee-be17-d14be000-8041-07808060ef0b',
      sport_id: 2,
      event_date: '2024-01-28T20:00:00Z',
      rotation_number_away: 319,
      rotation_number_home: 320,
      score: [Object],
      teams: [Array],
      teams_normalized: [Array],
      schedule: [Object],
      lines: [Object]
    },
    {
      event_id: '9f30a62e080f64859939963aefb272ab',
      event_uuid: '11ee-be35-277b4c00-83b3-21a1e2ad1088',
      sport_id: 2,
      event_date: '2024-01-28T23:30:00Z',
      rotation_number_away: 321,
      rotation_number_home: 322,
      score: [Object],
      teams: [Array],
      teams_normalized: [Array],
      schedule: [Object],
      lines: [Object]
    }
  ]
}
Making Rundown API call for date: 2024-01-29
Rundown API response for date 2024-01-29: {
  meta: { delta_last_id: '11ee-baf5-f2b921aa-86bc-0877dc9f3328' },
  events: []
}
Making Rundown API call for date: 2024-01-30
Rundown API response for date 2024-01-30: {
  meta: { delta_last_id: '11ee-baf5-f2b921aa-86bc-0877dc9f3328' },
  events: []
}
Making Rundown API call for date: 2024-01-31
Rundown API response for date 2024-01-31: {
  meta: { delta_last_id: '11ee-baf5-f2b921aa-86bc-0877dc9f3328' },
  events: []
}
Total Rundown events fetched: 2
Fetching Sportspage data for League: NFL and Dates: 2024-01-24,2024-01-25,2024-01-26,2024-01-27,2024-01-28,2024-01-29,2024-01-30,2024-01-31
Making Sportspage API call for date: 2024-01-24
Sportspage API response for date 2024-01-24: {
  status: 200,
  time: '2024-01-24T20:21:08.460Z',
  games: 0,
  skip: 0,
  results: []
}
Making Sportspage API call for date: 2024-01-25
Sportspage API response for date 2024-01-25: {
  status: 200,
  time: '2024-01-24T20:21:08.709Z',
  games: 0,
  skip: 0,
  results: []
}
Making Sportspage API call for date: 2024-01-26
Sportspage API response for date 2024-01-26: {
  status: 200,
  time: '2024-01-24T20:21:08.956Z',
  games: 0,
  skip: 0,
  results: []
}
Making Sportspage API call for date: 2024-01-27
Sportspage API response for date 2024-01-27: {
  status: 200,
  time: '2024-01-24T20:21:09.260Z',
  games: 0,
  skip: 0,
  results: []
}
Making Sportspage API call for date: 2024-01-28
Sportspage API response for date 2024-01-28: {
  status: 200,
  time: '2024-01-24T20:21:09.503Z',
  games: 2,
  skip: 0,
  results: [
    {
      schedule: [Object],
      summary: 'Kansas City Chiefs @ Baltimore Ravens',
      details: [Object],
      status: 'scheduled',
      teams: [Object],
      lastUpdated: '2024-01-24T19:04:52.013Z',
      gameId: 308105,
      odds: [Array],
      venue: [Object]
    },
    {
      schedule: [Object],
      summary: 'Detroit Lions @ San Francisco 49ers',
      details: [Object],
      status: 'scheduled',
      teams: [Object],
      lastUpdated: '2024-01-24T19:04:52.070Z',
      gameId: 308104,
      venue: [Object],
      odds: [Array]
    }
  ]
}
Making Sportspage API call for date: 2024-01-29
Sportspage API response for date 2024-01-29: {
  status: 200,
  time: '2024-01-24T20:21:09.749Z',
  games: 0,
  skip: 0,
  results: []
}
Making Sportspage API call for date: 2024-01-30
Sportspage API response for date 2024-01-30: {
  status: 200,
  time: '2024-01-24T20:21:10.012Z',
  games: 0,
  skip: 0,
  results: []
}
Making Sportspage API call for date: 2024-01-31
Sportspage API response for date 2024-01-31: {
  status: 200,
  time: '2024-01-24T20:21:10.280Z',
  games: 0,
  skip: 0,
  results: []
}
Total Sportspage results fetched: 2
JsonOdds Event: 698957b2-7c6d-4335-9e0a-527819f01a19
Standardized names: Home - Baltimore Ravens, Away - Kansas City Chiefs
JsonOdds Match Time: 2024-01-28T20:00:00.000Z
Rundown Event: c5cc0c683da01b5392cf86ac15613d0a
Rundown Team Names: Home - Baltimore Ravens, Away - Kansas City Chiefs
Rundown Match Time: 2024-01-28T20:00:00.000Z
Match found for JsonOdds event 698957b2-7c6d-4335-9e0a-527819f01a19: Rundown event c5cc0c683da01b5392cf86ac15613d0a
Sportspage Event: 308105
Sportspage Team Names: Home - Baltimore Ravens, Away - Kansas City Chiefs
Sportspage Match Time: 2024-01-28T20:00:00.000Z
Match found for JsonOdds event 698957b2-7c6d-4335-9e0a-527819f01a19: Sportspage event 308105
Found matching event: 698957b2-7c6d-4335-9e0a-527819f01a19
JsonOdds Event: b4cc5861-efaf-4b4d-b77e-af5e1e31cd65
Standardized names: Home - San Francisco 49ers, Away - Detroit Lions
JsonOdds Match Time: 2024-01-28T23:30:00.000Z
Rundown Event: c5cc0c683da01b5392cf86ac15613d0a
Rundown Team Names: Home - Baltimore Ravens, Away - Kansas City Chiefs
Rundown Match Time: 2024-01-28T20:00:00.000Z
Comparing JsonOdds event b4cc5861-efaf-4b4d-b77e-af5e1e31cd65 with Rundown event c5cc0c683da01b5392cf86ac15613d0a
JsonOdds: Home - San Francisco 49ers, Away - Detroit Lions, Time - 2024-01-29T04:00:00.000Z
Rundown: Home - Baltimore Ravens, Away - Kansas City Chiefs, Time - 2024-01-29T01:00:00.000Z
Rundown Event: 9f30a62e080f64859939963aefb272ab
Rundown Team Names: Home - San Francisco 49ers, Away - Detroit Lions
Rundown Match Time: 2024-01-28T23:30:00.000Z
Match found for JsonOdds event b4cc5861-efaf-4b4d-b77e-af5e1e31cd65: Rundown event 9f30a62e080f64859939963aefb272ab
Sportspage Event: 308105
Sportspage Team Names: Home - Baltimore Ravens, Away - Kansas City Chiefs
Sportspage Match Time: 2024-01-28T20:00:00.000Z
Comparing JsonOdds event b4cc5861-efaf-4b4d-b77e-af5e1e31cd65 with Sportspage event 308105
JsonOdds: Home - San Francisco 49ers, Away - Detroit Lions, Time - 2024-01-29T04:00:00.000Z
Sportspage: Home - Baltimore Ravens, Away - Kansas City Chiefs, Time - 2024-01-29T01:00:00.000Z
Sportspage Event: 308104
Sportspage Team Names: Home - San Francisco 49ers, Away - Detroit Lions
Sportspage Match Time: 2024-01-28T23:30:00.000Z
Match found for JsonOdds event b4cc5861-efaf-4b4d-b77e-af5e1e31cd65: Sportspage event 308104
Found matching event: b4cc5861-efaf-4b4d-b77e-af5e1e31cd65
Number of matched events for NFL : 2
Total number of matched events across all sports: 2
[
  {
    jsonoddsID: '698957b2-7c6d-4335-9e0a-527819f01a19',
    rundownID: 'c5cc0c683da01b5392cf86ac15613d0a',
    sportspageID: 308105,
    Sport: 4,
    AwayTeam: 'Kansas City Chiefs',
    HomeTeam: 'Baltimore Ravens',
    MatchTime: '2024-01-28T20:00:00',
    OddType: 'Game',
    PointSpreadAway: '3.5',
    TotalNumber: '44.5'
  },
  {
    jsonoddsID: 'b4cc5861-efaf-4b4d-b77e-af5e1e31cd65',
    rundownID: '9f30a62e080f64859939963aefb272ab',
    sportspageID: 308104,
    Sport: 4,
    AwayTeam: 'Detroit Lions',
    HomeTeam: 'San Francisco 49ers',
    MatchTime: '2024-01-28T23:30:00',
    OddType: 'Game',
    PointSpreadAway: '7.0',
    TotalNumber: '51.0'
  }
]
Old data archived successfully
Data successfully saved to Firestore
